Drill report for /home/bernhard/projects/stromwaechter/hardware/stromwaechter/kicad_source/stromwaechter.kicad_pcb
Created on So 10 Mär 2019 09:39:11 CET

Copper Layer Stackup:
    =============================================================
    L1 :  F.Cu                      front
    L2 :  B.Cu                      back


Drill file 'stromwaechter-PTH.drl' contains
    plated through holes:
    =============================================================
    T1  0,40mm  0,016"  (114 holes)
    T2  1,02mm  0,040"  (13 holes)
    T3  1,20mm  0,047"  (2 holes)
    T4  1,45mm  0,057"  (56 holes)
    T5  2,00mm  0,079"  (8 holes)
    T6  2,40mm  0,094"  (4 holes)
    T7  3,20mm  0,126"  (4 holes)

    Total plated holes count 201


Drill file 'stromwaechter-NPTH.drl' contains
    unplated through holes:
    =============================================================

    Total unplated holes count 0
